[2026-06-11 15:23:32] GET /api/metrics/table - Total: 10.38ms, DB Conn: 0.87ms, DB Query: 1.18ms
[2026-06-11 15:23:32] GET /api/report-metadata - Total: 9.87ms, DB Conn: 1.82ms, DB Query: 0.42ms
[2026-06-11 15:23:32] GET /api/report-metadata - Total: 10.08ms, DB Conn: 1.56ms, DB Query: 1.04ms
[2026-06-11 15:23:32] GET /api/filters - Total: 10.64ms, DB Conn: 2.01ms, DB Query: 1.03ms
[2026-06-11 15:23:32] GET /api/filters - Total: 9.78ms, DB Conn: 1.55ms, DB Query: 1.05ms
[2026-06-11 15:23:32] GET /api/metrics/charts - Total: 13.14ms, DB Conn: 1.62ms, DB Query: 3.64ms
[2026-06-11 15:23:32] GET /api/metrics/summary - Total: 11.44ms, DB Conn: 0.80ms, DB Query: 0.79ms
[2026-06-11 15:23:32] GET /api/metrics/summary - Total: 10.56ms, DB Conn: 1.50ms, DB Query: 1.44ms
[2026-06-11 15:23:32] GET /api/metrics/charts - Total: 13.51ms, DB Conn: 1.85ms, DB Query: 3.94ms
[2026-06-11 15:23:32] GET /api/metrics/table - Total: 12.11ms, DB Conn: 1.16ms, DB Query: 0.80ms
[2026-06-11 15:23:34] GET /api/filters - Total: 2.19ms, DB Conn: 0.78ms, DB Query: 0.48ms
[2026-06-11 15:23:34] GET /api/metrics/summary - Total: 3.06ms, DB Conn: 0.75ms, DB Query: 1.01ms
[2026-06-11 15:23:34] GET /api/report-metadata - Total: 2.40ms, DB Conn: 0.94ms, DB Query: 0.42ms
[2026-06-11 15:23:34] GET /api/filters - Total: 2.47ms, DB Conn: 1.18ms, DB Query: 0.47ms
[2026-06-11 15:23:34] GET /api/report-metadata - Total: 2.40ms, DB Conn: 0.67ms, DB Query: 0.40ms
[2026-06-11 15:23:34] GET /api/metrics/charts - Total: 4.94ms, DB Conn: 0.75ms, DB Query: 2.31ms
[2026-06-11 15:23:34] GET /api/metrics/table - Total: 2.92ms, DB Conn: 0.83ms, DB Query: 0.65ms
[2026-06-11 15:23:45] OPTIONS /api/upload - Total: 0.00ms, DB Conn: 0.90ms, DB Query: 0.00ms
[2026-06-11 15:23:47] POST /api/upload - Total: 2177.24ms, DB Conn: 0.69ms, DB Query: 221.04ms
[2026-06-11 15:23:47] GET /api/report-metadata - Total: 4.16ms, DB Conn: 1.13ms, DB Query: 0.77ms
[2026-06-11 15:23:47] GET /api/filters - Total: 4.36ms, DB Conn: 0.73ms, DB Query: 1.02ms
[2026-06-11 15:23:47] GET /api/metrics/summary - Total: 4.45ms, DB Conn: 0.78ms, DB Query: 1.23ms
[2026-06-11 15:23:47] GET /api/metrics/charts - Total: 7.78ms, DB Conn: 0.88ms, DB Query: 3.45ms
[2026-06-11 15:23:47] GET /api/metrics/table - Total: 6.98ms, DB Conn: 0.86ms, DB Query: 1.50ms
[2026-06-11 15:23:51] GET /api/filters - Total: 4.45ms, DB Conn: 1.15ms, DB Query: 1.34ms
[2026-06-11 15:23:51] GET /api/report-metadata - Total: 4.28ms, DB Conn: 1.07ms, DB Query: 0.83ms
[2026-06-11 15:23:51] GET /api/filters - Total: 4.30ms, DB Conn: 0.98ms, DB Query: 1.22ms
[2026-06-11 15:23:51] GET /api/metrics/summary - Total: 4.39ms, DB Conn: 1.14ms, DB Query: 1.43ms
[2026-06-11 15:23:51] GET /api/metrics/summary - Total: 4.47ms, DB Conn: 1.36ms, DB Query: 1.29ms
[2026-06-11 15:23:51] GET /api/report-metadata - Total: 2.72ms, DB Conn: 0.74ms, DB Query: 0.83ms
[2026-06-11 15:23:51] GET /api/metrics/charts - Total: 4.52ms, DB Conn: 0.79ms, DB Query: 4.08ms
[2026-06-11 15:23:51] GET /api/metrics/charts - Total: 5.96ms, DB Conn: 0.84ms, DB Query: 4.15ms
[2026-06-11 15:23:51] GET /api/metrics/table - Total: 6.55ms, DB Conn: 0.77ms, DB Query: 2.03ms
[2026-06-11 15:23:51] GET /api/metrics/table - Total: 6.07ms, DB Conn: 0.71ms, DB Query: 1.43ms
[2026-06-11 15:23:58] GET /api/report-metadata - Total: 1.83ms, DB Conn: 1.36ms, DB Query: 0.69ms
[2026-06-11 15:23:58] GET /api/metrics/summary - Total: 2.40ms, DB Conn: 1.19ms, DB Query: 1.13ms
[2026-06-11 15:23:58] GET /api/filters - Total: 2.33ms, DB Conn: 1.82ms, DB Query: 1.18ms
[2026-06-11 15:23:58] GET /api/filters - Total: 2.36ms, DB Conn: 1.47ms, DB Query: 1.25ms
[2026-06-11 15:23:58] GET /api/report-metadata - Total: 2.11ms, DB Conn: 1.05ms, DB Query: 0.72ms
[2026-06-11 15:23:58] GET /api/metrics/charts - Total: 5.69ms, DB Conn: 1.65ms, DB Query: 4.03ms
[2026-06-11 15:23:58] GET /api/metrics/table - Total: 5.53ms, DB Conn: 1.72ms, DB Query: 2.12ms
[2026-06-11 15:23:58] GET /api/metrics/summary - Total: 4.47ms, DB Conn: 1.08ms, DB Query: 1.20ms
[2026-06-11 15:23:58] GET /api/metrics/charts - Total: 5.50ms, DB Conn: 1.28ms, DB Query: 4.00ms
[2026-06-11 15:23:58] GET /api/metrics/table - Total: 6.52ms, DB Conn: 0.67ms, DB Query: 1.82ms
[2026-06-11 15:24:01] GET /api/filters - Total: 4.13ms, DB Conn: 0.84ms, DB Query: 1.22ms
[2026-06-11 15:24:01] GET /api/metrics/summary - Total: 3.60ms, DB Conn: 0.75ms, DB Query: 1.28ms
[2026-06-11 15:24:01] GET /api/report-metadata - Total: 4.02ms, DB Conn: 0.76ms, DB Query: 0.94ms
[2026-06-11 15:24:01] GET /api/metrics/charts - Total: 7.59ms, DB Conn: 1.06ms, DB Query: 4.06ms
[2026-06-11 15:24:01] GET /api/metrics/table - Total: 10.05ms, DB Conn: 0.76ms, DB Query: 2.11ms
[2026-06-11 15:24:01] GET /api/report-metadata - Total: 3.44ms, DB Conn: 0.99ms, DB Query: 0.84ms
[2026-06-11 15:24:01] GET /api/metrics/summary - Total: 3.12ms, DB Conn: 1.09ms, DB Query: 1.04ms
[2026-06-11 15:24:01] GET /api/filters - Total: 3.20ms, DB Conn: 0.98ms, DB Query: 1.15ms
[2026-06-11 15:24:01] GET /api/metrics/charts - Total: 7.07ms, DB Conn: 1.08ms, DB Query: 4.69ms
[2026-06-11 15:24:01] GET /api/metrics/table - Total: 6.62ms, DB Conn: 1.04ms, DB Query: 1.97ms
